<testsuites><testsuite id="1" name="TestBasic" tests="38" errors="0" failures="0" timestamp="2020-03-03T12:45:44" time="2.030" hostname="f97bfe614db3" package="tSQLt"><properties/><testcase classname="TestBasic" name="test If database has correct collation" time="0.006"/><testcase classname="TestBasic" name="test If index PK_Badges_Id has the correct columns" time="0.086"/><testcase classname="TestBasic" name="test If index PK_Comments_Id has the correct columns" time="0.063"/><testcase classname="TestBasic" name="test If index PK_LinkTypes_Id has the correct columns" time="0.060"/><testcase classname="TestBasic" name="test If index PK_PostLinks_Id has the correct columns" time="0.056"/><testcase classname="TestBasic" name="test If index PK_Posts_Id has the correct columns" time="0.056"/><testcase classname="TestBasic" name="test If index PK_PostTypes_Id has the correct columns" time="0.060"/><testcase classname="TestBasic" name="test If index PK_Users_Id has the correct columns" time="0.060"/><testcase classname="TestBasic" name="test If index PK_Votes_Id has the correct columns" time="0.053"/><testcase classname="TestBasic" name="test If index PK_VoteType_Id has the correct columns" time="0.060"/><testcase classname="TestBasic" name="test If stored procedure dbo.DropIndexes exists" time="0.003"/><testcase classname="TestBasic" name="test If table dbo.Badges exists" time="0.006"/><testcase classname="TestBasic" name="test If table dbo.Badges has the correct columns" time="0.070"/><testcase classname="TestBasic" name="test If table dbo.Badges has the correct indexes" time="0.050"/><testcase classname="TestBasic" name="test If table dbo.Comments exists" time="0.006"/><testcase classname="TestBasic" name="test If table dbo.Comments has the correct columns" time="0.060"/><testcase classname="TestBasic" name="test If table dbo.Comments has the correct indexes" time="0.043"/><testcase classname="TestBasic" name="test If table dbo.LinkTypes exists" time="0.003"/><testcase classname="TestBasic" name="test If table dbo.LinkTypes has the correct columns" time="0.046"/><testcase classname="TestBasic" name="test If table dbo.LinkTypes has the correct indexes" time="0.043"/><testcase classname="TestBasic" name="test If table dbo.PostLinks exists" time="0.003"/><testcase classname="TestBasic" name="test If table dbo.PostLinks has the correct columns" time="0.050"/><testcase classname="TestBasic" name="test If table dbo.PostLinks has the correct indexes" time="0.056"/><testcase classname="TestBasic" name="test If table dbo.Posts exists" time="0.003"/><testcase classname="TestBasic" name="test If table dbo.Posts has the correct columns" time="0.056"/><testcase classname="TestBasic" name="test If table dbo.Posts has the correct indexes" time="0.043"/><testcase classname="TestBasic" name="test If table dbo.PostTypes exists" time="0.003"/><testcase classname="TestBasic" name="test If table dbo.PostTypes has the correct columns" time="0.053"/><testcase classname="TestBasic" name="test If table dbo.PostTypes has the correct indexes" time="0.056"/><testcase classname="TestBasic" name="test If table dbo.Users exists" time="0.003"/><testcase classname="TestBasic" name="test If table dbo.Users has the correct columns" time="0.053"/><testcase classname="TestBasic" name="test If table dbo.Users has the correct indexes" time="0.043"/><testcase classname="TestBasic" name="test If table dbo.Votes exists" time="0.003"/><testcase classname="TestBasic" name="test If table dbo.Votes has the correct columns" time="0.073"/><testcase classname="TestBasic" name="test If table dbo.Votes has the correct indexes" time="0.043"/><testcase classname="TestBasic" name="test If table dbo.VoteTypes exists" time="0.003"/><testcase classname="TestBasic" name="test If table dbo.VoteTypes has the correct columns" time="0.050"/><testcase classname="TestBasic" name="test If table dbo.VoteTypes has the correct indexes" time="0.046"/><system-out/><system-err/></testsuite></testsuites>